<?xml version="1.0" encoding="UTF-8" ?>
<testsuite failures="0" time="0.058" errors="0" skipped="0" tests="3" name="FileDirectoryFormServer.RequestHandlers.DirectoryTest">
  <properties>
[...]
</properties>
  <testcase time="0.004" classname="FileDirectoryFormServer.RequestHandlers.DirectoryTest" name="testCanHandleWhenDirectoryExists"/>
  <testcase time="0.001" classname="FileDirectoryFormServer.RequestHandlers.DirectoryTest" name="testCantHandleWhenDirectoryDoesNotExists"/>
  <testcase time="0" classname="FileDirectoryFormServer.RequestHandlers.DirectoryTest" name="testCantHandleIfIsNotAGetRequest"/>
</testsuite>